<?xml version="1.0" encoding="UTF-8"?>
<!-- Generated by org.testng.reporters.JUnitReportReporter -->
<testsuite skipped="0" hostname="lixiangyudeMacBook-Air.local" name="MyTestXunit.ShoppingTest" tests="3" failures="0" timestamp="28 十二月 2018 14:25:14 GMT" time="0.014" errors="0">
  <testcase name="testGetPrice" time="0.007" classname="MyTestXunit.ShoppingTest"/>
  <testcase name="testGetPrice" time="0.003" classname="MyTestXunit.ShoppingTest"/>
  <testcase name="testGetPrice" time="0.004" classname="MyTestXunit.ShoppingTest"/>
</testsuite> <!-- MyTestXunit.ShoppingTest -->
