<?xml version="1.0" encoding="UTF-8"?>
<!-- Generated by org.testng.reporters.JUnitReportReporter -->
<testsuite skipped="0" hostname="lixiangyudeMacBook-Air.local" name="MyTestXunit.LoginTest" tests="4" failures="0" timestamp="28 十二月 2018 14:25:14 GMT" time="0.023" errors="0">
  <testcase name="testLogin" time="0.000" classname="MyTestXunit.LoginTest"/>
  <testcase name="testLogin" time="0.001" classname="MyTestXunit.LoginTest"/>
  <testcase name="testLogin" time="0.000" classname="MyTestXunit.LoginTest"/>
  <testcase name="testLogin" time="0.022" classname="MyTestXunit.LoginTest"/>
</testsuite> <!-- MyTestXunit.LoginTest -->
