<?xml version="1.0" encoding="UTF-8"?>
<!-- Generated by org.testng.reporters.JUnitReportReporter -->
<testsuite skipped="0" hostname="shjf-LXY39678-l" name="TestXunit.ShoppingGetPriceTest" tests="3" failures="0" timestamp="29 十二月 2018 09:35:57 GMT" time="0.001" errors="0">
  <testcase name="testGetPrice" time="0.001" classname="TestXunit.ShoppingGetPriceTest"/>
  <testcase name="testGetPrice" time="0.000" classname="TestXunit.ShoppingGetPriceTest"/>
  <testcase name="testGetPrice" time="0.000" classname="TestXunit.ShoppingGetPriceTest"/>
</testsuite> <!-- TestXunit.ShoppingGetPriceTest -->
