<?xml version="1.0" encoding="UTF-8"?>
<!-- Generated by org.testng.reporters.JUnitReportReporter -->
<testsuite skipped="0" hostname="lixiangyudeMacBook-Air.local" name="MyTestXunit.LoginTest" tests="4" failures="0" timestamp="27 十二月 2018 15:39:43 GMT" time="0.030" errors="0">
  <testcase name="testLogin" time="0.000" classname="MyTestXunit.LoginTest"/>
  <testcase name="testLogin" time="0.002" classname="MyTestXunit.LoginTest"/>
  <testcase name="testLogin" time="0.000" classname="MyTestXunit.LoginTest"/>
  <testcase name="testLogin" time="0.028" classname="MyTestXunit.LoginTest"/>
</testsuite> <!-- MyTestXunit.LoginTest -->
